2018-11-08 14:29:14,658 INFO 61244 [egg:logger] init all loggers with options: {"dir":"C:\\Users\\牛利杰\\Desktop\\demo\\wd-share\\logs\\wd-share","encoding":"utf8","env":"unittest","level":"INFO","consoleLevel":"WARN","disableConsoleAfterReady":false,"outputJSON":false,"buffer":false,"appLogName":"wd-share-web.log","coreLogName":"egg-web.log","agentLogName":"egg-agent.log","errorLogName":"common-error.log","coreLogger":{},"allowDebugAtProd":false,"type":"application"}
2018-11-08 14:29:14,672 INFO 61244 [egg-schedule]: register schedule C:\Users\牛利杰\Desktop\demo\wd-share\node_modules\egg-logrotator\app\schedule\clean_log.js
2018-11-08 14:29:14,672 INFO 61244 [egg-schedule]: register schedule C:\Users\牛利杰\Desktop\demo\wd-share\node_modules\egg-logrotator\app\schedule\rotate_by_file.js
2018-11-08 14:29:14,672 INFO 61244 [egg-multipart] stream mode enable
2018-11-08 14:29:14,900 INFO 61244 [egg-static] starting static serve /public/ -> C:\Users\牛利杰\Desktop\demo\wd-share\app\public
2018-11-08 14:29:14,920 INFO 61244 [egg-security] use csrf middleware
2018-11-08 14:29:14,924 INFO 61244 [egg-security] use methodnoallow middleware
2018-11-08 14:29:14,925 INFO 61244 [egg-security] use noopen middleware
2018-11-08 14:29:14,927 INFO 61244 [egg-security] use nosniff middleware
2018-11-08 14:29:14,928 INFO 61244 [egg-security] use xssProtection middleware
2018-11-08 14:29:14,928 INFO 61244 [egg-security] use xframe middleware
2018-11-08 14:29:14,929 INFO 61244 [egg-security] use dta middleware
2018-11-08 14:29:14,929 INFO 61244 [egg-security] compose 7 middlewares into one security middleware
2018-11-08 14:29:14,952 INFO 61244 [egg:core] dump config after load, 15ms
2018-11-08 14:29:14,970 INFO 61244 [egg-watcher:application] watcher start success
2018-11-08 14:29:14,985 INFO 61244 [egg:core] dump config after ready, 14ms
2018-11-08 14:43:22,575 INFO 66496 [egg:logger] init all loggers with options: {"dir":"C:\\Users\\牛利杰\\Desktop\\demo\\wd-share\\logs\\wd-share","encoding":"utf8","env":"local","level":"INFO","consoleLevel":"INFO","disableConsoleAfterReady":false,"outputJSON":false,"buffer":true,"appLogName":"wd-share-web.log","coreLogName":"egg-web.log","agentLogName":"egg-agent.log","errorLogName":"common-error.log","coreLogger":{"consoleLevel":"WARN"},"allowDebugAtProd":false,"type":"application"}
2018-11-08 14:43:22,623 INFO 66496 [egg-schedule]: register schedule C:\Users\牛利杰\Desktop\demo\wd-share\node_modules\egg-logrotator\app\schedule\clean_log.js
2018-11-08 14:43:22,623 INFO 66496 [egg-schedule]: register schedule C:\Users\牛利杰\Desktop\demo\wd-share\node_modules\egg-logrotator\app\schedule\rotate_by_file.js
2018-11-08 14:43:22,624 INFO 66496 [egg-multipart] stream mode enable
2018-11-08 14:43:22,730 INFO 66496 [egg-static] starting static serve /public/ -> C:\Users\牛利杰\Desktop\demo\wd-share\app\public
2018-11-08 14:43:22,735 INFO 66496 [egg-security] use csrf middleware
2018-11-08 14:43:22,736 INFO 66496 [egg-security] use methodnoallow middleware
2018-11-08 14:43:22,737 INFO 66496 [egg-security] use noopen middleware
2018-11-08 14:43:22,739 INFO 66496 [egg-security] use nosniff middleware
2018-11-08 14:43:22,740 INFO 66496 [egg-security] use xssProtection middleware
2018-11-08 14:43:22,741 INFO 66496 [egg-security] use xframe middleware
2018-11-08 14:43:22,743 INFO 66496 [egg-security] use dta middleware
2018-11-08 14:43:22,743 INFO 66496 [egg-security] compose 7 middlewares into one security middleware
2018-11-08 14:43:22,761 INFO 66496 [egg:core] dump config after load, 10ms
2018-11-08 14:43:22,810 INFO 66496 [egg-watcher:application] watcher start success
2018-11-08 14:43:22,829 INFO 66496 [egg:core] dump config after ready, 14ms
2018-11-08 14:47:41,661 INFO 104632 [egg:logger] init all loggers with options: {"dir":"C:\\Users\\牛利杰\\Desktop\\demo\\wd-share\\logs\\wd-share","encoding":"utf8","env":"local","level":"INFO","consoleLevel":"INFO","disableConsoleAfterReady":false,"outputJSON":false,"buffer":true,"appLogName":"wd-share-web.log","coreLogName":"egg-web.log","agentLogName":"egg-agent.log","errorLogName":"common-error.log","coreLogger":{"consoleLevel":"WARN"},"allowDebugAtProd":false,"type":"application"}
2018-11-08 14:47:41,707 INFO 104632 [egg-schedule]: register schedule C:\Users\牛利杰\Desktop\demo\wd-share\node_modules\egg-logrotator\app\schedule\clean_log.js
2018-11-08 14:47:41,707 INFO 104632 [egg-schedule]: register schedule C:\Users\牛利杰\Desktop\demo\wd-share\node_modules\egg-logrotator\app\schedule\rotate_by_file.js
2018-11-08 14:47:41,708 INFO 104632 [egg-multipart] stream mode enable
2018-11-08 14:47:41,813 INFO 104632 [egg-static] starting static serve /public/ -> C:\Users\牛利杰\Desktop\demo\wd-share\app\public
2018-11-08 14:47:41,818 INFO 104632 [egg-security] use csrf middleware
2018-11-08 14:47:41,820 INFO 104632 [egg-security] use methodnoallow middleware
2018-11-08 14:47:41,821 INFO 104632 [egg-security] use noopen middleware
2018-11-08 14:47:41,822 INFO 104632 [egg-security] use nosniff middleware
2018-11-08 14:47:41,823 INFO 104632 [egg-security] use xssProtection middleware
2018-11-08 14:47:41,823 INFO 104632 [egg-security] use xframe middleware
2018-11-08 14:47:41,824 INFO 104632 [egg-security] use dta middleware
2018-11-08 14:47:41,824 INFO 104632 [egg-security] compose 7 middlewares into one security middleware
2018-11-08 14:47:41,840 INFO 104632 [egg:core] dump config after load, 10ms
2018-11-08 14:47:41,886 INFO 104632 [egg-watcher:application] watcher start success
2018-11-08 14:47:41,921 INFO 104632 [egg:core] dump config after ready, 30ms
2018-11-08 14:47:48,854 INFO 104632 [egg-view-nunjucks] loading templates from ["C:\\Users\\牛利杰\\Desktop\\demo\\wd-share\\app\\view"]
2018-11-08 14:48:49,958 INFO 114132 [egg:logger] init all loggers with options: {"dir":"C:\\Users\\牛利杰\\Desktop\\demo\\wd-share\\logs\\wd-share","encoding":"utf8","env":"local","level":"INFO","consoleLevel":"INFO","disableConsoleAfterReady":false,"outputJSON":false,"buffer":true,"appLogName":"wd-share-web.log","coreLogName":"egg-web.log","agentLogName":"egg-agent.log","errorLogName":"common-error.log","coreLogger":{"consoleLevel":"WARN"},"allowDebugAtProd":false,"type":"application"}
2018-11-08 14:48:50,009 INFO 114132 [egg-schedule]: register schedule C:\Users\牛利杰\Desktop\demo\wd-share\node_modules\egg-logrotator\app\schedule\clean_log.js
2018-11-08 14:48:50,009 INFO 114132 [egg-schedule]: register schedule C:\Users\牛利杰\Desktop\demo\wd-share\node_modules\egg-logrotator\app\schedule\rotate_by_file.js
2018-11-08 14:48:50,010 INFO 114132 [egg-multipart] stream mode enable
2018-11-08 14:48:50,126 INFO 114132 [egg-static] starting static serve /public/ -> C:\Users\牛利杰\Desktop\demo\wd-share\app\public
2018-11-08 14:48:50,131 INFO 114132 [egg-security] use csrf middleware
2018-11-08 14:48:50,132 INFO 114132 [egg-security] use methodnoallow middleware
2018-11-08 14:48:50,133 INFO 114132 [egg-security] use noopen middleware
2018-11-08 14:48:50,134 INFO 114132 [egg-security] use nosniff middleware
2018-11-08 14:48:50,135 INFO 114132 [egg-security] use xssProtection middleware
2018-11-08 14:48:50,136 INFO 114132 [egg-security] use xframe middleware
2018-11-08 14:48:50,136 INFO 114132 [egg-security] use dta middleware
2018-11-08 14:48:50,136 INFO 114132 [egg-security] compose 7 middlewares into one security middleware
2018-11-08 14:48:50,153 INFO 114132 [egg:core] dump config after load, 11ms
2018-11-08 14:48:50,189 INFO 114132 [egg-watcher:application] watcher start success
2018-11-08 14:48:50,204 INFO 114132 [egg:core] dump config after ready, 10ms
2018-11-08 14:48:53,681 INFO 114132 [egg-view-nunjucks] loading templates from ["C:\\Users\\牛利杰\\Desktop\\demo\\wd-share\\app\\view"]
2018-11-08 14:56:44,003 INFO 61452 [egg:logger] init all loggers with options: {"dir":"C:\\Users\\牛利杰\\Desktop\\demo\\wd-share\\logs\\wd-share","encoding":"utf8","env":"local","level":"INFO","consoleLevel":"INFO","disableConsoleAfterReady":false,"outputJSON":false,"buffer":true,"appLogName":"wd-share-web.log","coreLogName":"egg-web.log","agentLogName":"egg-agent.log","errorLogName":"common-error.log","coreLogger":{"consoleLevel":"WARN"},"allowDebugAtProd":false,"type":"application"}
2018-11-08 14:56:44,047 INFO 61452 [egg-schedule]: register schedule C:\Users\牛利杰\Desktop\demo\wd-share\node_modules\egg-logrotator\app\schedule\clean_log.js
2018-11-08 14:56:44,047 INFO 61452 [egg-schedule]: register schedule C:\Users\牛利杰\Desktop\demo\wd-share\node_modules\egg-logrotator\app\schedule\rotate_by_file.js
2018-11-08 14:56:44,048 INFO 61452 [egg-multipart] stream mode enable
2018-11-08 14:56:44,152 INFO 61452 [egg-static] starting static serve /public/ -> C:\Users\牛利杰\Desktop\demo\wd-share\app\public
2018-11-08 14:56:44,155 INFO 61452 [egg-security] use csrf middleware
2018-11-08 14:56:44,157 INFO 61452 [egg-security] use methodnoallow middleware
2018-11-08 14:56:44,159 INFO 61452 [egg-security] use noopen middleware
2018-11-08 14:56:44,163 INFO 61452 [egg-security] use nosniff middleware
2018-11-08 14:56:44,163 INFO 61452 [egg-security] use xssProtection middleware
2018-11-08 14:56:44,165 INFO 61452 [egg-security] use xframe middleware
2018-11-08 14:56:44,165 INFO 61452 [egg-security] use dta middleware
2018-11-08 14:56:44,165 INFO 61452 [egg-security] compose 7 middlewares into one security middleware
2018-11-08 14:56:44,181 INFO 61452 [egg:core] dump config after load, 11ms
2018-11-08 14:56:44,218 INFO 61452 [egg-watcher:application] watcher start success
2018-11-08 14:56:44,234 INFO 61452 [egg:core] dump config after ready, 12ms
2018-11-08 14:56:59,660 INFO 63548 [egg:logger] init all loggers with options: {"dir":"C:\\Users\\牛利杰\\Desktop\\demo\\wd-share\\logs\\wd-share","encoding":"utf8","env":"local","level":"INFO","consoleLevel":"INFO","disableConsoleAfterReady":false,"outputJSON":false,"buffer":true,"appLogName":"wd-share-web.log","coreLogName":"egg-web.log","agentLogName":"egg-agent.log","errorLogName":"common-error.log","coreLogger":{"consoleLevel":"WARN"},"allowDebugAtProd":false,"type":"application"}
2018-11-08 14:56:59,705 INFO 63548 [egg-schedule]: register schedule C:\Users\牛利杰\Desktop\demo\wd-share\node_modules\egg-logrotator\app\schedule\clean_log.js
2018-11-08 14:56:59,705 INFO 63548 [egg-schedule]: register schedule C:\Users\牛利杰\Desktop\demo\wd-share\node_modules\egg-logrotator\app\schedule\rotate_by_file.js
2018-11-08 14:56:59,706 INFO 63548 [egg-multipart] stream mode enable
2018-11-08 14:56:59,810 INFO 63548 [egg-static] starting static serve /public/ -> C:\Users\牛利杰\Desktop\demo\wd-share\app\public
2018-11-08 14:56:59,814 INFO 63548 [egg-security] use csrf middleware
2018-11-08 14:56:59,815 INFO 63548 [egg-security] use methodnoallow middleware
2018-11-08 14:56:59,816 INFO 63548 [egg-security] use noopen middleware
2018-11-08 14:56:59,817 INFO 63548 [egg-security] use nosniff middleware
2018-11-08 14:56:59,821 INFO 63548 [egg-security] use xssProtection middleware
2018-11-08 14:56:59,822 INFO 63548 [egg-security] use xframe middleware
2018-11-08 14:56:59,823 INFO 63548 [egg-security] use dta middleware
2018-11-08 14:56:59,823 INFO 63548 [egg-security] compose 7 middlewares into one security middleware
2018-11-08 14:56:59,841 INFO 63548 [egg:core] dump config after load, 12ms
2018-11-08 14:56:59,889 INFO 63548 [egg-watcher:application] watcher start success
2018-11-08 14:56:59,908 INFO 63548 [egg:core] dump config after ready, 14ms
2018-11-08 14:58:20,692 INFO 65872 [egg:logger] init all loggers with options: {"dir":"C:\\Users\\牛利杰\\Desktop\\demo\\wd-share\\logs\\wd-share","encoding":"utf8","env":"local","level":"INFO","consoleLevel":"INFO","disableConsoleAfterReady":false,"outputJSON":false,"buffer":true,"appLogName":"wd-share-web.log","coreLogName":"egg-web.log","agentLogName":"egg-agent.log","errorLogName":"common-error.log","coreLogger":{"consoleLevel":"WARN"},"allowDebugAtProd":false,"type":"application"}
2018-11-08 14:58:20,739 INFO 65872 [egg-schedule]: register schedule C:\Users\牛利杰\Desktop\demo\wd-share\node_modules\egg-logrotator\app\schedule\clean_log.js
2018-11-08 14:58:20,739 INFO 65872 [egg-schedule]: register schedule C:\Users\牛利杰\Desktop\demo\wd-share\node_modules\egg-logrotator\app\schedule\rotate_by_file.js
2018-11-08 14:58:20,740 INFO 65872 [egg-multipart] stream mode enable
2018-11-08 14:58:20,869 INFO 65872 [egg-static] starting static serve /public/ -> C:\Users\牛利杰\Desktop\demo\wd-share\app\public
2018-11-08 14:58:20,873 INFO 65872 [egg-security] use csrf middleware
2018-11-08 14:58:20,875 INFO 65872 [egg-security] use methodnoallow middleware
2018-11-08 14:58:20,877 INFO 65872 [egg-security] use noopen middleware
2018-11-08 14:58:20,879 INFO 65872 [egg-security] use nosniff middleware
2018-11-08 14:58:20,880 INFO 65872 [egg-security] use xssProtection middleware
2018-11-08 14:58:20,881 INFO 65872 [egg-security] use xframe middleware
2018-11-08 14:58:20,881 INFO 65872 [egg-security] use dta middleware
2018-11-08 14:58:20,881 INFO 65872 [egg-security] compose 7 middlewares into one security middleware
2018-11-08 14:58:20,909 INFO 65872 [egg:core] dump config after load, 20ms
2018-11-08 14:58:20,948 INFO 65872 [egg-watcher:application] watcher start success
2018-11-08 14:58:20,963 INFO 65872 [egg:core] dump config after ready, 12ms
2018-11-08 14:58:50,082 INFO 118492 [egg:logger] init all loggers with options: {"dir":"C:\\Users\\牛利杰\\Desktop\\demo\\wd-share\\logs\\wd-share","encoding":"utf8","env":"local","level":"INFO","consoleLevel":"INFO","disableConsoleAfterReady":false,"outputJSON":false,"buffer":true,"appLogName":"wd-share-web.log","coreLogName":"egg-web.log","agentLogName":"egg-agent.log","errorLogName":"common-error.log","coreLogger":{"consoleLevel":"WARN"},"allowDebugAtProd":false,"type":"application"}
2018-11-08 14:58:50,138 INFO 118492 [egg-schedule]: register schedule C:\Users\牛利杰\Desktop\demo\wd-share\node_modules\egg-logrotator\app\schedule\clean_log.js
2018-11-08 14:58:50,138 INFO 118492 [egg-schedule]: register schedule C:\Users\牛利杰\Desktop\demo\wd-share\node_modules\egg-logrotator\app\schedule\rotate_by_file.js
2018-11-08 14:58:50,139 INFO 118492 [egg-multipart] stream mode enable
2018-11-08 14:58:50,273 INFO 118492 [egg-static] starting static serve /public/ -> C:\Users\牛利杰\Desktop\demo\wd-share\app\public
2018-11-08 14:58:50,280 INFO 118492 [egg-security] use csrf middleware
2018-11-08 14:58:50,283 INFO 118492 [egg-security] use methodnoallow middleware
2018-11-08 14:58:50,284 INFO 118492 [egg-security] use noopen middleware
2018-11-08 14:58:50,286 INFO 118492 [egg-security] use nosniff middleware
2018-11-08 14:58:50,287 INFO 118492 [egg-security] use xssProtection middleware
2018-11-08 14:58:50,290 INFO 118492 [egg-security] use xframe middleware
2018-11-08 14:58:50,291 INFO 118492 [egg-security] use dta middleware
2018-11-08 14:58:50,291 INFO 118492 [egg-security] compose 7 middlewares into one security middleware
2018-11-08 14:58:50,313 INFO 118492 [egg:core] dump config after load, 17ms
2018-11-08 14:58:50,386 INFO 118492 [egg-watcher:application] watcher start success
2018-11-08 14:58:50,404 INFO 118492 [egg:core] dump config after ready, 14ms
2018-11-08 15:17:31,851 INFO 12008 [egg:logger] init all loggers with options: {"dir":"C:\\Users\\牛利杰\\Desktop\\demo\\wd-share\\logs\\wd-share","encoding":"utf8","env":"local","level":"INFO","consoleLevel":"INFO","disableConsoleAfterReady":false,"outputJSON":false,"buffer":true,"appLogName":"wd-share-web.log","coreLogName":"egg-web.log","agentLogName":"egg-agent.log","errorLogName":"common-error.log","coreLogger":{"consoleLevel":"WARN"},"allowDebugAtProd":false,"type":"application"}
2018-11-08 15:17:31,898 INFO 12008 [egg-schedule]: register schedule C:\Users\牛利杰\Desktop\demo\wd-share\node_modules\egg-logrotator\app\schedule\clean_log.js
2018-11-08 15:17:31,898 INFO 12008 [egg-schedule]: register schedule C:\Users\牛利杰\Desktop\demo\wd-share\node_modules\egg-logrotator\app\schedule\rotate_by_file.js
2018-11-08 15:17:31,899 INFO 12008 [egg-multipart] stream mode enable
2018-11-08 15:17:32,018 INFO 12008 [egg-static] starting static serve /public/ -> C:\Users\牛利杰\Desktop\demo\wd-share\app\public
2018-11-08 15:17:32,022 INFO 12008 [egg-security] use csrf middleware
2018-11-08 15:17:32,024 INFO 12008 [egg-security] use methodnoallow middleware
2018-11-08 15:17:32,024 INFO 12008 [egg-security] use noopen middleware
2018-11-08 15:17:32,026 INFO 12008 [egg-security] use nosniff middleware
2018-11-08 15:17:32,027 INFO 12008 [egg-security] use xssProtection middleware
2018-11-08 15:17:32,027 INFO 12008 [egg-security] use xframe middleware
2018-11-08 15:17:32,028 INFO 12008 [egg-security] use dta middleware
2018-11-08 15:17:32,028 INFO 12008 [egg-security] compose 7 middlewares into one security middleware
2018-11-08 15:17:32,046 INFO 12008 [egg:core] dump config after load, 12ms
2018-11-08 15:17:32,092 INFO 12008 [egg-watcher:application] watcher start success
2018-11-08 15:17:32,115 INFO 12008 [egg:core] dump config after ready, 12ms
2018-11-08 15:18:44,840 INFO 23996 [egg:logger] init all loggers with options: {"dir":"C:\\Users\\牛利杰\\Desktop\\demo\\wd-share\\logs\\wd-share","encoding":"utf8","env":"local","level":"INFO","consoleLevel":"INFO","disableConsoleAfterReady":false,"outputJSON":false,"buffer":true,"appLogName":"wd-share-web.log","coreLogName":"egg-web.log","agentLogName":"egg-agent.log","errorLogName":"common-error.log","coreLogger":{"consoleLevel":"WARN"},"allowDebugAtProd":false,"type":"application"}
2018-11-08 15:18:44,894 INFO 23996 [egg-schedule]: register schedule C:\Users\牛利杰\Desktop\demo\wd-share\node_modules\egg-logrotator\app\schedule\clean_log.js
2018-11-08 15:18:44,894 INFO 23996 [egg-schedule]: register schedule C:\Users\牛利杰\Desktop\demo\wd-share\node_modules\egg-logrotator\app\schedule\rotate_by_file.js
2018-11-08 15:18:44,895 INFO 23996 [egg-multipart] stream mode enable
2018-11-08 15:18:45,105 INFO 23996 [egg-static] starting static serve /public/ -> C:\Users\牛利杰\Desktop\demo\wd-share\app\public
2018-11-08 15:18:45,113 INFO 23996 [egg-security] use csrf middleware
2018-11-08 15:18:45,115 INFO 23996 [egg-security] use methodnoallow middleware
2018-11-08 15:18:45,117 INFO 23996 [egg-security] use noopen middleware
2018-11-08 15:18:45,127 INFO 23996 [egg-security] use nosniff middleware
2018-11-08 15:18:45,129 INFO 23996 [egg-security] use xssProtection middleware
2018-11-08 15:18:45,131 INFO 23996 [egg-security] use xframe middleware
2018-11-08 15:18:45,132 INFO 23996 [egg-security] use dta middleware
2018-11-08 15:18:45,132 INFO 23996 [egg-security] compose 7 middlewares into one security middleware
2018-11-08 15:18:45,162 INFO 23996 [egg:core] dump config after load, 20ms
2018-11-08 15:18:45,282 INFO 23996 [egg-watcher:application] watcher start success
2018-11-08 15:18:45,348 INFO 23996 [egg:core] dump config after ready, 55ms
2018-11-08 15:20:07,594 INFO 16776 [egg:logger] init all loggers with options: {"dir":"C:\\Users\\牛利杰\\Desktop\\demo\\wd-share\\logs\\wd-share","encoding":"utf8","env":"local","level":"INFO","consoleLevel":"INFO","disableConsoleAfterReady":false,"outputJSON":false,"buffer":true,"appLogName":"wd-share-web.log","coreLogName":"egg-web.log","agentLogName":"egg-agent.log","errorLogName":"common-error.log","coreLogger":{"consoleLevel":"WARN"},"allowDebugAtProd":false,"type":"application"}
2018-11-08 15:20:07,635 INFO 16776 [egg-schedule]: register schedule C:\Users\牛利杰\Desktop\demo\wd-share\node_modules\egg-logrotator\app\schedule\clean_log.js
2018-11-08 15:20:07,635 INFO 16776 [egg-schedule]: register schedule C:\Users\牛利杰\Desktop\demo\wd-share\node_modules\egg-logrotator\app\schedule\rotate_by_file.js
2018-11-08 15:20:07,636 INFO 16776 [egg-multipart] stream mode enable
2018-11-08 15:20:07,746 INFO 16776 [egg-static] starting static serve /public/ -> C:\Users\牛利杰\Desktop\demo\wd-share\app\public
2018-11-08 15:20:07,751 INFO 16776 [egg-security] use csrf middleware
2018-11-08 15:20:07,752 INFO 16776 [egg-security] use methodnoallow middleware
2018-11-08 15:20:07,754 INFO 16776 [egg-security] use noopen middleware
2018-11-08 15:20:07,755 INFO 16776 [egg-security] use nosniff middleware
2018-11-08 15:20:07,756 INFO 16776 [egg-security] use xssProtection middleware
2018-11-08 15:20:07,757 INFO 16776 [egg-security] use xframe middleware
2018-11-08 15:20:07,757 INFO 16776 [egg-security] use dta middleware
2018-11-08 15:20:07,757 INFO 16776 [egg-security] compose 7 middlewares into one security middleware
2018-11-08 15:20:07,775 INFO 16776 [egg:core] dump config after load, 12ms
2018-11-08 15:20:07,831 INFO 16776 [egg-watcher:application] watcher start success
2018-11-08 15:20:07,874 INFO 16776 [egg:core] dump config after ready, 21ms
2018-11-08 15:26:37,795 INFO 122232 [egg:logger] init all loggers with options: {"dir":"C:\\Users\\牛利杰\\Desktop\\demo\\wd-share\\logs\\wd-share","encoding":"utf8","env":"local","level":"INFO","consoleLevel":"INFO","disableConsoleAfterReady":false,"outputJSON":false,"buffer":true,"appLogName":"wd-share-web.log","coreLogName":"egg-web.log","agentLogName":"egg-agent.log","errorLogName":"common-error.log","coreLogger":{"consoleLevel":"WARN"},"allowDebugAtProd":false,"type":"application"}
2018-11-08 15:26:37,837 INFO 122232 [egg-schedule]: register schedule C:\Users\牛利杰\Desktop\demo\wd-share\node_modules\egg-logrotator\app\schedule\clean_log.js
2018-11-08 15:26:37,837 INFO 122232 [egg-schedule]: register schedule C:\Users\牛利杰\Desktop\demo\wd-share\node_modules\egg-logrotator\app\schedule\rotate_by_file.js
2018-11-08 15:26:37,838 INFO 122232 [egg-multipart] stream mode enable
2018-11-08 15:26:37,947 INFO 122232 [egg-static] starting static serve /public/ -> C:\Users\牛利杰\Desktop\demo\wd-share\app\public
2018-11-08 15:26:37,951 INFO 122232 [egg-security] use csrf middleware
2018-11-08 15:26:37,956 INFO 122232 [egg-security] use methodnoallow middleware
2018-11-08 15:26:37,957 INFO 122232 [egg-security] use noopen middleware
2018-11-08 15:26:37,958 INFO 122232 [egg-security] use nosniff middleware
2018-11-08 15:26:37,959 INFO 122232 [egg-security] use xssProtection middleware
2018-11-08 15:26:37,960 INFO 122232 [egg-security] use xframe middleware
2018-11-08 15:26:37,961 INFO 122232 [egg-security] use dta middleware
2018-11-08 15:26:37,961 INFO 122232 [egg-security] compose 7 middlewares into one security middleware
2018-11-08 15:26:37,982 INFO 122232 [egg:core] dump config after load, 13ms
2018-11-08 15:26:38,034 INFO 122232 [egg-watcher:application] watcher start success
2018-11-08 15:26:38,060 INFO 122232 [egg:core] dump config after ready, 21ms
2018-11-08 15:26:41,521 INFO 122232 [egg-view-nunjucks] loading templates from ["C:\\Users\\牛利杰\\Desktop\\demo\\wd-share\\app\\view"]
2018-11-08 20:22:09,663 INFO 68316 [egg:logger] init all loggers with options: {"dir":"C:\\Users\\牛利杰\\Desktop\\demo\\wd-share\\logs\\wd-share","encoding":"utf8","env":"local","level":"INFO","consoleLevel":"INFO","disableConsoleAfterReady":false,"outputJSON":false,"buffer":true,"appLogName":"wd-share-web.log","coreLogName":"egg-web.log","agentLogName":"egg-agent.log","errorLogName":"common-error.log","coreLogger":{"consoleLevel":"WARN"},"allowDebugAtProd":false,"type":"application"}
2018-11-08 20:22:09,735 INFO 68316 [egg-schedule]: register schedule C:\Users\牛利杰\Desktop\demo\wd-share\node_modules\egg-logrotator\app\schedule\clean_log.js
2018-11-08 20:22:09,735 INFO 68316 [egg-schedule]: register schedule C:\Users\牛利杰\Desktop\demo\wd-share\node_modules\egg-logrotator\app\schedule\rotate_by_file.js
2018-11-08 20:22:09,737 INFO 68316 [egg-multipart] stream mode enable
2018-11-08 20:22:09,925 INFO 68316 [egg-static] starting static serve /public/ -> C:\Users\牛利杰\Desktop\demo\wd-share\app\public
2018-11-08 20:22:09,930 INFO 68316 [egg-security] use csrf middleware
2018-11-08 20:22:09,931 INFO 68316 [egg-security] use methodnoallow middleware
2018-11-08 20:22:09,931 INFO 68316 [egg-security] use noopen middleware
2018-11-08 20:22:09,933 INFO 68316 [egg-security] use nosniff middleware
2018-11-08 20:22:09,934 INFO 68316 [egg-security] use xssProtection middleware
2018-11-08 20:22:09,936 INFO 68316 [egg-security] use xframe middleware
2018-11-08 20:22:09,937 INFO 68316 [egg-security] use dta middleware
2018-11-08 20:22:09,937 INFO 68316 [egg-security] compose 7 middlewares into one security middleware
2018-11-08 20:22:09,956 INFO 68316 [egg:core] dump config after load, 11ms
2018-11-08 20:22:10,033 INFO 68316 [egg-watcher:application] watcher start success
2018-11-08 20:22:10,056 INFO 68316 [egg:core] dump config after ready, 16ms
2018-11-08 20:23:09,567 INFO 68316 [egg-view-nunjucks] loading templates from ["C:\\Users\\牛利杰\\Desktop\\demo\\wd-share\\app\\view"]
2018-11-08 20:28:46,636 INFO 13356 [egg:logger] init all loggers with options: {"dir":"C:\\Users\\牛利杰\\Desktop\\demo\\wd-share\\logs\\wd-share","encoding":"utf8","env":"local","level":"INFO","consoleLevel":"INFO","disableConsoleAfterReady":false,"outputJSON":false,"buffer":true,"appLogName":"wd-share-web.log","coreLogName":"egg-web.log","agentLogName":"egg-agent.log","errorLogName":"common-error.log","coreLogger":{"consoleLevel":"WARN"},"allowDebugAtProd":false,"type":"application"}
2018-11-08 20:28:46,690 INFO 13356 [egg-schedule]: register schedule C:\Users\牛利杰\Desktop\demo\wd-share\node_modules\egg-logrotator\app\schedule\clean_log.js
2018-11-08 20:28:46,690 INFO 13356 [egg-schedule]: register schedule C:\Users\牛利杰\Desktop\demo\wd-share\node_modules\egg-logrotator\app\schedule\rotate_by_file.js
2018-11-08 20:28:46,690 INFO 13356 [egg-multipart] stream mode enable
2018-11-08 20:28:46,896 INFO 13356 [egg-static] starting static serve /public/ -> C:\Users\牛利杰\Desktop\demo\wd-share\app\public
2018-11-08 20:28:46,906 INFO 13356 [egg-security] use csrf middleware
2018-11-08 20:28:46,918 INFO 13356 [egg-security] use methodnoallow middleware
2018-11-08 20:28:46,919 INFO 13356 [egg-security] use noopen middleware
2018-11-08 20:28:46,922 INFO 13356 [egg-security] use nosniff middleware
2018-11-08 20:28:46,924 INFO 13356 [egg-security] use xssProtection middleware
2018-11-08 20:28:46,925 INFO 13356 [egg-security] use xframe middleware
2018-11-08 20:28:46,930 INFO 13356 [egg-security] use dta middleware
2018-11-08 20:28:46,930 INFO 13356 [egg-security] compose 7 middlewares into one security middleware
2018-11-08 20:28:46,964 INFO 13356 [egg:core] dump config after load, 25ms
2018-11-08 20:28:47,066 INFO 13356 [egg-watcher:application] watcher start success
2018-11-08 20:28:47,113 INFO 13356 [egg:core] dump config after ready, 40ms
2018-11-08 20:30:59,095 INFO 61216 [egg:logger] init all loggers with options: {"dir":"C:\\Users\\牛利杰\\Desktop\\demo\\wd-share\\logs\\wd-share","encoding":"utf8","env":"local","level":"INFO","consoleLevel":"INFO","disableConsoleAfterReady":false,"outputJSON":false,"buffer":true,"appLogName":"wd-share-web.log","coreLogName":"egg-web.log","agentLogName":"egg-agent.log","errorLogName":"common-error.log","coreLogger":{"consoleLevel":"WARN"},"allowDebugAtProd":false,"type":"application"}
2018-11-08 20:30:59,162 INFO 61216 [egg-schedule]: register schedule C:\Users\牛利杰\Desktop\demo\wd-share\node_modules\egg-logrotator\app\schedule\clean_log.js
2018-11-08 20:30:59,163 INFO 61216 [egg-schedule]: register schedule C:\Users\牛利杰\Desktop\demo\wd-share\node_modules\egg-logrotator\app\schedule\rotate_by_file.js
2018-11-08 20:30:59,167 INFO 61216 [egg-multipart] stream mode enable
2018-11-08 20:30:59,368 INFO 61216 [egg-static] starting static serve /public/ -> C:\Users\牛利杰\Desktop\demo\wd-share\app\public
2018-11-08 20:30:59,372 INFO 61216 [egg-security] use csrf middleware
2018-11-08 20:30:59,375 INFO 61216 [egg-security] use methodnoallow middleware
2018-11-08 20:30:59,376 INFO 61216 [egg-security] use noopen middleware
2018-11-08 20:30:59,380 INFO 61216 [egg-security] use nosniff middleware
2018-11-08 20:30:59,381 INFO 61216 [egg-security] use xssProtection middleware
2018-11-08 20:30:59,384 INFO 61216 [egg-security] use xframe middleware
2018-11-08 20:30:59,386 INFO 61216 [egg-security] use dta middleware
2018-11-08 20:30:59,386 INFO 61216 [egg-security] compose 7 middlewares into one security middleware
2018-11-08 20:30:59,406 INFO 61216 [egg:core] dump config after load, 12ms
2018-11-08 20:30:59,465 INFO 61216 [egg-watcher:application] watcher start success
2018-11-08 20:30:59,484 INFO 61216 [egg:core] dump config after ready, 15ms
2018-11-08 20:31:42,918 INFO 61216 [egg-view-nunjucks] loading templates from ["C:\\Users\\牛利杰\\Desktop\\demo\\wd-share\\app\\view"]
2018-11-08 20:35:08,539 INFO 37908 [egg:logger] init all loggers with options: {"dir":"C:\\Users\\牛利杰\\Desktop\\demo\\wd-share\\logs\\wd-share","encoding":"utf8","env":"local","level":"INFO","consoleLevel":"INFO","disableConsoleAfterReady":false,"outputJSON":false,"buffer":true,"appLogName":"wd-share-web.log","coreLogName":"egg-web.log","agentLogName":"egg-agent.log","errorLogName":"common-error.log","coreLogger":{"consoleLevel":"WARN"},"allowDebugAtProd":false,"type":"application"}
2018-11-08 20:35:08,580 INFO 37908 [egg-schedule]: register schedule C:\Users\牛利杰\Desktop\demo\wd-share\node_modules\egg-logrotator\app\schedule\clean_log.js
2018-11-08 20:35:08,580 INFO 37908 [egg-schedule]: register schedule C:\Users\牛利杰\Desktop\demo\wd-share\node_modules\egg-logrotator\app\schedule\rotate_by_file.js
2018-11-08 20:35:08,581 INFO 37908 [egg-multipart] stream mode enable
2018-11-08 20:35:08,700 INFO 37908 [egg-static] starting static serve /public/ -> C:\Users\牛利杰\Desktop\demo\wd-share\app\public
2018-11-08 20:35:08,705 INFO 37908 [egg-security] use csrf middleware
2018-11-08 20:35:08,706 INFO 37908 [egg-security] use methodnoallow middleware
2018-11-08 20:35:08,707 INFO 37908 [egg-security] use noopen middleware
2018-11-08 20:35:08,708 INFO 37908 [egg-security] use nosniff middleware
2018-11-08 20:35:08,709 INFO 37908 [egg-security] use xssProtection middleware
2018-11-08 20:35:08,710 INFO 37908 [egg-security] use xframe middleware
2018-11-08 20:35:08,710 INFO 37908 [egg-security] use dta middleware
2018-11-08 20:35:08,710 INFO 37908 [egg-security] compose 7 middlewares into one security middleware
2018-11-08 20:35:08,726 INFO 37908 [egg:core] dump config after load, 11ms
2018-11-08 20:35:08,768 INFO 37908 [egg-watcher:application] watcher start success
2018-11-08 20:35:08,794 INFO 37908 [egg:core] dump config after ready, 20ms
2018-11-08 20:35:14,222 INFO 37908 [egg-view-nunjucks] loading templates from ["C:\\Users\\牛利杰\\Desktop\\demo\\wd-share\\app\\view"]
2018-11-08 20:35:28,021 INFO 126908 [egg:logger] init all loggers with options: {"dir":"C:\\Users\\牛利杰\\Desktop\\demo\\wd-share\\logs\\wd-share","encoding":"utf8","env":"local","level":"INFO","consoleLevel":"INFO","disableConsoleAfterReady":false,"outputJSON":false,"buffer":true,"appLogName":"wd-share-web.log","coreLogName":"egg-web.log","agentLogName":"egg-agent.log","errorLogName":"common-error.log","coreLogger":{"consoleLevel":"WARN"},"allowDebugAtProd":false,"type":"application"}
2018-11-08 20:35:28,070 INFO 126908 [egg-schedule]: register schedule C:\Users\牛利杰\Desktop\demo\wd-share\node_modules\egg-logrotator\app\schedule\clean_log.js
2018-11-08 20:35:28,070 INFO 126908 [egg-schedule]: register schedule C:\Users\牛利杰\Desktop\demo\wd-share\node_modules\egg-logrotator\app\schedule\rotate_by_file.js
2018-11-08 20:35:28,071 INFO 126908 [egg-multipart] stream mode enable
2018-11-08 20:35:28,204 INFO 126908 [egg-static] starting static serve /public/ -> C:\Users\牛利杰\Desktop\demo\wd-share\app\public
2018-11-08 20:35:28,209 INFO 126908 [egg-security] use csrf middleware
2018-11-08 20:35:28,210 INFO 126908 [egg-security] use methodnoallow middleware
2018-11-08 20:35:28,211 INFO 126908 [egg-security] use noopen middleware
2018-11-08 20:35:28,213 INFO 126908 [egg-security] use nosniff middleware
2018-11-08 20:35:28,214 INFO 126908 [egg-security] use xssProtection middleware
2018-11-08 20:35:28,215 INFO 126908 [egg-security] use xframe middleware
2018-11-08 20:35:28,215 INFO 126908 [egg-security] use dta middleware
2018-11-08 20:35:28,215 INFO 126908 [egg-security] compose 7 middlewares into one security middleware
2018-11-08 20:35:28,235 INFO 126908 [egg:core] dump config after load, 12ms
2018-11-08 20:35:28,285 INFO 126908 [egg-watcher:application] watcher start success
2018-11-08 20:35:28,321 INFO 126908 [egg:core] dump config after ready, 31ms
2018-11-08 20:35:58,740 INFO 58944 [egg:logger] init all loggers with options: {"dir":"C:\\Users\\牛利杰\\Desktop\\demo\\wd-share\\logs\\wd-share","encoding":"utf8","env":"local","level":"INFO","consoleLevel":"INFO","disableConsoleAfterReady":false,"outputJSON":false,"buffer":true,"appLogName":"wd-share-web.log","coreLogName":"egg-web.log","agentLogName":"egg-agent.log","errorLogName":"common-error.log","coreLogger":{"consoleLevel":"WARN"},"allowDebugAtProd":false,"type":"application"}
2018-11-08 20:35:58,789 INFO 58944 [egg-schedule]: register schedule C:\Users\牛利杰\Desktop\demo\wd-share\node_modules\egg-logrotator\app\schedule\clean_log.js
2018-11-08 20:35:58,789 INFO 58944 [egg-schedule]: register schedule C:\Users\牛利杰\Desktop\demo\wd-share\node_modules\egg-logrotator\app\schedule\rotate_by_file.js
2018-11-08 20:35:58,790 INFO 58944 [egg-multipart] stream mode enable
2018-11-08 20:35:58,908 INFO 58944 [egg-static] starting static serve /public/ -> C:\Users\牛利杰\Desktop\demo\wd-share\app\public
2018-11-08 20:35:58,914 INFO 58944 [egg-security] use csrf middleware
2018-11-08 20:35:58,915 INFO 58944 [egg-security] use methodnoallow middleware
2018-11-08 20:35:58,916 INFO 58944 [egg-security] use noopen middleware
2018-11-08 20:35:58,917 INFO 58944 [egg-security] use nosniff middleware
2018-11-08 20:35:58,918 INFO 58944 [egg-security] use xssProtection middleware
2018-11-08 20:35:58,919 INFO 58944 [egg-security] use xframe middleware
2018-11-08 20:35:58,922 INFO 58944 [egg-security] use dta middleware
2018-11-08 20:35:58,922 INFO 58944 [egg-security] compose 7 middlewares into one security middleware
2018-11-08 20:35:58,941 INFO 58944 [egg:core] dump config after load, 12ms
2018-11-08 20:35:58,982 INFO 58944 [egg-watcher:application] watcher start success
2018-11-08 20:35:58,999 INFO 58944 [egg:core] dump config after ready, 13ms
2018-11-08 20:36:01,955 INFO 58944 [egg-view-nunjucks] loading templates from ["C:\\Users\\牛利杰\\Desktop\\demo\\wd-share\\app\\view"]
2018-11-08 20:36:41,877 INFO 52816 [egg:logger] init all loggers with options: {"dir":"C:\\Users\\牛利杰\\Desktop\\demo\\wd-share\\logs\\wd-share","encoding":"utf8","env":"local","level":"INFO","consoleLevel":"INFO","disableConsoleAfterReady":false,"outputJSON":false,"buffer":true,"appLogName":"wd-share-web.log","coreLogName":"egg-web.log","agentLogName":"egg-agent.log","errorLogName":"common-error.log","coreLogger":{"consoleLevel":"WARN"},"allowDebugAtProd":false,"type":"application"}
2018-11-08 20:36:41,922 INFO 52816 [egg-schedule]: register schedule C:\Users\牛利杰\Desktop\demo\wd-share\node_modules\egg-logrotator\app\schedule\clean_log.js
2018-11-08 20:36:41,922 INFO 52816 [egg-schedule]: register schedule C:\Users\牛利杰\Desktop\demo\wd-share\node_modules\egg-logrotator\app\schedule\rotate_by_file.js
2018-11-08 20:36:41,922 INFO 52816 [egg-multipart] stream mode enable
2018-11-08 20:36:42,041 INFO 52816 [egg-static] starting static serve /public/ -> C:\Users\牛利杰\Desktop\demo\wd-share\app\public
2018-11-08 20:36:42,046 INFO 52816 [egg-security] use csrf middleware
2018-11-08 20:36:42,048 INFO 52816 [egg-security] use methodnoallow middleware
2018-11-08 20:36:42,049 INFO 52816 [egg-security] use noopen middleware
2018-11-08 20:36:42,050 INFO 52816 [egg-security] use nosniff middleware
2018-11-08 20:36:42,051 INFO 52816 [egg-security] use xssProtection middleware
2018-11-08 20:36:42,052 INFO 52816 [egg-security] use xframe middleware
2018-11-08 20:36:42,056 INFO 52816 [egg-security] use dta middleware
2018-11-08 20:36:42,056 INFO 52816 [egg-security] compose 7 middlewares into one security middleware
2018-11-08 20:36:42,072 INFO 52816 [egg:core] dump config after load, 9ms
2018-11-08 20:36:42,120 INFO 52816 [egg-watcher:application] watcher start success
2018-11-08 20:36:42,145 INFO 52816 [egg:core] dump config after ready, 13ms
2018-11-08 20:36:53,556 INFO 16912 [egg:logger] init all loggers with options: {"dir":"C:\\Users\\牛利杰\\Desktop\\demo\\wd-share\\logs\\wd-share","encoding":"utf8","env":"local","level":"INFO","consoleLevel":"INFO","disableConsoleAfterReady":false,"outputJSON":false,"buffer":true,"appLogName":"wd-share-web.log","coreLogName":"egg-web.log","agentLogName":"egg-agent.log","errorLogName":"common-error.log","coreLogger":{"consoleLevel":"WARN"},"allowDebugAtProd":false,"type":"application"}
2018-11-08 20:36:53,608 INFO 16912 [egg-schedule]: register schedule C:\Users\牛利杰\Desktop\demo\wd-share\node_modules\egg-logrotator\app\schedule\clean_log.js
2018-11-08 20:36:53,608 INFO 16912 [egg-schedule]: register schedule C:\Users\牛利杰\Desktop\demo\wd-share\node_modules\egg-logrotator\app\schedule\rotate_by_file.js
2018-11-08 20:36:53,609 INFO 16912 [egg-multipart] stream mode enable
2018-11-08 20:36:53,747 INFO 16912 [egg-static] starting static serve /public/ -> C:\Users\牛利杰\Desktop\demo\wd-share\app\public
2018-11-08 20:36:53,755 INFO 16912 [egg-security] use csrf middleware
2018-11-08 20:36:53,756 INFO 16912 [egg-security] use methodnoallow middleware
2018-11-08 20:36:53,757 INFO 16912 [egg-security] use noopen middleware
2018-11-08 20:36:53,762 INFO 16912 [egg-security] use nosniff middleware
2018-11-08 20:36:53,762 INFO 16912 [egg-security] use xssProtection middleware
2018-11-08 20:36:53,763 INFO 16912 [egg-security] use xframe middleware
2018-11-08 20:36:53,764 INFO 16912 [egg-security] use dta middleware
2018-11-08 20:36:53,764 INFO 16912 [egg-security] compose 7 middlewares into one security middleware
2018-11-08 20:36:53,785 INFO 16912 [egg:core] dump config after load, 14ms
2018-11-08 20:36:53,828 INFO 16912 [egg-watcher:application] watcher start success
2018-11-08 20:36:53,860 INFO 16912 [egg:core] dump config after ready, 27ms
2018-11-08 20:36:56,594 INFO 16912 [egg-view-nunjucks] loading templates from ["C:\\Users\\牛利杰\\Desktop\\demo\\wd-share\\app\\view"]
2018-11-08 20:37:17,415 INFO 79716 [egg:logger] init all loggers with options: {"dir":"C:\\Users\\牛利杰\\Desktop\\demo\\wd-share\\logs\\wd-share","encoding":"utf8","env":"local","level":"INFO","consoleLevel":"INFO","disableConsoleAfterReady":false,"outputJSON":false,"buffer":true,"appLogName":"wd-share-web.log","coreLogName":"egg-web.log","agentLogName":"egg-agent.log","errorLogName":"common-error.log","coreLogger":{"consoleLevel":"WARN"},"allowDebugAtProd":false,"type":"application"}
2018-11-08 20:37:17,454 INFO 79716 [egg-schedule]: register schedule C:\Users\牛利杰\Desktop\demo\wd-share\node_modules\egg-logrotator\app\schedule\clean_log.js
2018-11-08 20:37:17,454 INFO 79716 [egg-schedule]: register schedule C:\Users\牛利杰\Desktop\demo\wd-share\node_modules\egg-logrotator\app\schedule\rotate_by_file.js
2018-11-08 20:37:17,455 INFO 79716 [egg-multipart] stream mode enable
2018-11-08 20:37:17,565 INFO 79716 [egg-static] starting static serve /public/ -> C:\Users\牛利杰\Desktop\demo\wd-share\app\public
2018-11-08 20:37:17,572 INFO 79716 [egg-security] use csrf middleware
2018-11-08 20:37:17,573 INFO 79716 [egg-security] use methodnoallow middleware
2018-11-08 20:37:17,574 INFO 79716 [egg-security] use noopen middleware
2018-11-08 20:37:17,575 INFO 79716 [egg-security] use nosniff middleware
2018-11-08 20:37:17,576 INFO 79716 [egg-security] use xssProtection middleware
2018-11-08 20:37:17,576 INFO 79716 [egg-security] use xframe middleware
2018-11-08 20:37:17,577 INFO 79716 [egg-security] use dta middleware
2018-11-08 20:37:17,577 INFO 79716 [egg-security] compose 7 middlewares into one security middleware
2018-11-08 20:37:17,592 INFO 79716 [egg:core] dump config after load, 10ms
2018-11-08 20:37:17,650 INFO 79716 [egg-watcher:application] watcher start success
2018-11-08 20:37:17,670 INFO 79716 [egg:core] dump config after ready, 16ms
2018-11-08 20:40:20,565 INFO 73556 [egg:logger] init all loggers with options: {"dir":"C:\\Users\\牛利杰\\Desktop\\demo\\wd-share\\logs\\wd-share","encoding":"utf8","env":"local","level":"INFO","consoleLevel":"INFO","disableConsoleAfterReady":false,"outputJSON":false,"buffer":true,"appLogName":"wd-share-web.log","coreLogName":"egg-web.log","agentLogName":"egg-agent.log","errorLogName":"common-error.log","coreLogger":{"consoleLevel":"WARN"},"allowDebugAtProd":false,"type":"application"}
2018-11-08 20:40:20,631 INFO 73556 [egg-schedule]: register schedule C:\Users\牛利杰\Desktop\demo\wd-share\node_modules\egg-logrotator\app\schedule\clean_log.js
2018-11-08 20:40:20,631 INFO 73556 [egg-schedule]: register schedule C:\Users\牛利杰\Desktop\demo\wd-share\node_modules\egg-logrotator\app\schedule\rotate_by_file.js
2018-11-08 20:40:20,632 INFO 73556 [egg-multipart] stream mode enable
2018-11-08 20:40:20,788 INFO 73556 [egg-static] starting static serve /public/ -> C:\Users\牛利杰\Desktop\demo\wd-share\app\public
2018-11-08 20:40:20,793 INFO 73556 [egg-security] use csrf middleware
2018-11-08 20:40:20,795 INFO 73556 [egg-security] use methodnoallow middleware
2018-11-08 20:40:20,796 INFO 73556 [egg-security] use noopen middleware
2018-11-08 20:40:20,801 INFO 73556 [egg-security] use nosniff middleware
2018-11-08 20:40:20,803 INFO 73556 [egg-security] use xssProtection middleware
2018-11-08 20:40:20,804 INFO 73556 [egg-security] use xframe middleware
2018-11-08 20:40:20,804 INFO 73556 [egg-security] use dta middleware
2018-11-08 20:40:20,804 INFO 73556 [egg-security] compose 7 middlewares into one security middleware
2018-11-08 20:40:20,823 INFO 73556 [egg:core] dump config after load, 13ms
2018-11-08 20:40:20,867 INFO 73556 [egg-watcher:application] watcher start success
2018-11-08 20:40:20,887 INFO 73556 [egg:core] dump config after ready, 17ms
2018-11-08 20:40:27,330 INFO 48820 [egg:logger] init all loggers with options: {"dir":"C:\\Users\\牛利杰\\Desktop\\demo\\wd-share\\logs\\wd-share","encoding":"utf8","env":"local","level":"INFO","consoleLevel":"INFO","disableConsoleAfterReady":false,"outputJSON":false,"buffer":true,"appLogName":"wd-share-web.log","coreLogName":"egg-web.log","agentLogName":"egg-agent.log","errorLogName":"common-error.log","coreLogger":{"consoleLevel":"WARN"},"allowDebugAtProd":false,"type":"application"}
2018-11-08 20:40:27,377 INFO 48820 [egg-schedule]: register schedule C:\Users\牛利杰\Desktop\demo\wd-share\node_modules\egg-logrotator\app\schedule\clean_log.js
2018-11-08 20:40:27,377 INFO 48820 [egg-schedule]: register schedule C:\Users\牛利杰\Desktop\demo\wd-share\node_modules\egg-logrotator\app\schedule\rotate_by_file.js
2018-11-08 20:40:27,377 INFO 48820 [egg-multipart] stream mode enable
2018-11-08 20:40:27,479 INFO 48820 [egg-static] starting static serve /public/ -> C:\Users\牛利杰\Desktop\demo\wd-share\app\public
2018-11-08 20:40:27,482 INFO 48820 [egg-security] use csrf middleware
2018-11-08 20:40:27,484 INFO 48820 [egg-security] use methodnoallow middleware
2018-11-08 20:40:27,485 INFO 48820 [egg-security] use noopen middleware
2018-11-08 20:40:27,486 INFO 48820 [egg-security] use nosniff middleware
2018-11-08 20:40:27,487 INFO 48820 [egg-security] use xssProtection middleware
2018-11-08 20:40:27,488 INFO 48820 [egg-security] use xframe middleware
2018-11-08 20:40:27,488 INFO 48820 [egg-security] use dta middleware
2018-11-08 20:40:27,488 INFO 48820 [egg-security] compose 7 middlewares into one security middleware
2018-11-08 20:40:27,508 INFO 48820 [egg:core] dump config after load, 14ms
2018-11-08 20:40:27,551 INFO 48820 [egg-watcher:application] watcher start success
2018-11-08 20:40:27,577 INFO 48820 [egg:core] dump config after ready, 21ms
2018-11-08 20:40:34,404 INFO 48820 [egg-view-nunjucks] loading templates from ["C:\\Users\\牛利杰\\Desktop\\demo\\wd-share\\app\\view"]
2018-11-08 20:40:53,532 INFO 24972 [egg:logger] init all loggers with options: {"dir":"C:\\Users\\牛利杰\\Desktop\\demo\\wd-share\\logs\\wd-share","encoding":"utf8","env":"local","level":"INFO","consoleLevel":"INFO","disableConsoleAfterReady":false,"outputJSON":false,"buffer":true,"appLogName":"wd-share-web.log","coreLogName":"egg-web.log","agentLogName":"egg-agent.log","errorLogName":"common-error.log","coreLogger":{"consoleLevel":"WARN"},"allowDebugAtProd":false,"type":"application"}
2018-11-08 20:40:53,578 INFO 24972 [egg-schedule]: register schedule C:\Users\牛利杰\Desktop\demo\wd-share\node_modules\egg-logrotator\app\schedule\clean_log.js
2018-11-08 20:40:53,578 INFO 24972 [egg-schedule]: register schedule C:\Users\牛利杰\Desktop\demo\wd-share\node_modules\egg-logrotator\app\schedule\rotate_by_file.js
2018-11-08 20:40:53,579 INFO 24972 [egg-multipart] stream mode enable
2018-11-08 20:40:53,688 INFO 24972 [egg-static] starting static serve /public/ -> C:\Users\牛利杰\Desktop\demo\wd-share\app\public
2018-11-08 20:40:53,694 INFO 24972 [egg-security] use csrf middleware
2018-11-08 20:40:53,696 INFO 24972 [egg-security] use methodnoallow middleware
2018-11-08 20:40:53,698 INFO 24972 [egg-security] use noopen middleware
2018-11-08 20:40:53,699 INFO 24972 [egg-security] use nosniff middleware
2018-11-08 20:40:53,700 INFO 24972 [egg-security] use xssProtection middleware
2018-11-08 20:40:53,700 INFO 24972 [egg-security] use xframe middleware
2018-11-08 20:40:53,701 INFO 24972 [egg-security] use dta middleware
2018-11-08 20:40:53,701 INFO 24972 [egg-security] compose 7 middlewares into one security middleware
2018-11-08 20:40:53,719 INFO 24972 [egg:core] dump config after load, 11ms
2018-11-08 20:40:53,758 INFO 24972 [egg-watcher:application] watcher start success
2018-11-08 20:40:53,775 INFO 24972 [egg:core] dump config after ready, 13ms
2018-11-08 20:40:58,097 INFO 24972 [egg-view-nunjucks] loading templates from ["C:\\Users\\牛利杰\\Desktop\\demo\\wd-share\\app\\view"]
2018-11-08 20:42:44,888 INFO 87140 [egg:logger] init all loggers with options: {"dir":"C:\\Users\\牛利杰\\Desktop\\demo\\wd-share\\logs\\wd-share","encoding":"utf8","env":"local","level":"INFO","consoleLevel":"INFO","disableConsoleAfterReady":false,"outputJSON":false,"buffer":true,"appLogName":"wd-share-web.log","coreLogName":"egg-web.log","agentLogName":"egg-agent.log","errorLogName":"common-error.log","coreLogger":{"consoleLevel":"WARN"},"allowDebugAtProd":false,"type":"application"}
2018-11-08 20:42:44,926 INFO 87140 [egg-schedule]: register schedule C:\Users\牛利杰\Desktop\demo\wd-share\node_modules\egg-logrotator\app\schedule\clean_log.js
2018-11-08 20:42:44,926 INFO 87140 [egg-schedule]: register schedule C:\Users\牛利杰\Desktop\demo\wd-share\node_modules\egg-logrotator\app\schedule\rotate_by_file.js
2018-11-08 20:42:44,927 INFO 87140 [egg-multipart] stream mode enable
2018-11-08 20:42:45,037 INFO 87140 [egg-static] starting static serve /public/ -> C:\Users\牛利杰\Desktop\demo\wd-share\app\public
2018-11-08 20:42:45,041 INFO 87140 [egg-security] use csrf middleware
2018-11-08 20:42:45,043 INFO 87140 [egg-security] use methodnoallow middleware
2018-11-08 20:42:45,043 INFO 87140 [egg-security] use noopen middleware
2018-11-08 20:42:45,045 INFO 87140 [egg-security] use nosniff middleware
2018-11-08 20:42:45,046 INFO 87140 [egg-security] use xssProtection middleware
2018-11-08 20:42:45,048 INFO 87140 [egg-security] use xframe middleware
2018-11-08 20:42:45,048 INFO 87140 [egg-security] use dta middleware
2018-11-08 20:42:45,048 INFO 87140 [egg-security] compose 7 middlewares into one security middleware
2018-11-08 20:42:45,066 INFO 87140 [egg:core] dump config after load, 13ms
2018-11-08 20:42:45,116 INFO 87140 [egg-watcher:application] watcher start success
2018-11-08 20:42:45,137 INFO 87140 [egg:core] dump config after ready, 12ms
2018-11-08 20:42:52,589 INFO 87140 [egg-view-nunjucks] loading templates from ["C:\\Users\\牛利杰\\Desktop\\demo\\wd-share\\app\\view"]
